Generated at 2015-10-16 11:58:38 +0530
Mixlib::ShellOut::ShellCommandFailed: apt_package[apache2] (apache2::default line 21) had an error: Mixlib::ShellOut::ShellCommandFailed: Expected process to exit with [0], but received '100'
---- Begin output of apt-get -q -y install apache2=2.4.7-1ubuntu4.7 ----
STDOUT: Reading package lists...
Building dependency tree...
Reading state information...
The following packages were automatically installed and are no longer required:
  aufs-tools cgroup-lite
Use 'apt-get autoremove' to remove them.
The following extra packages will be installed:
  apache2-bin apache2-data
Suggested packages:
  apache2-doc apache2-suexec-pristine apache2-suexec-custom
The following NEW packages will be installed:
  apache2 apache2-data
The following packages will be upgraded:
  apache2-bin
1 upgraded, 2 newly installed, 0 to remove and 128 not upgraded.
Need to get 1088 kB of archives.
After this operation, 1199 kB of additional disk space will be used.
Err http://in.archive.ubuntu.com/ubuntu/ trusty-updates/main apache2-bin amd64 2.4.7-1ubuntu4.7
  Could not connect to 172.22.218.218:8085 (172.22.218.218), connection timed out
Err http://in.archive.ubuntu.com/ubuntu/ trusty-updates/main apache2-data all 2.4.7-1ubuntu4.7
  Unable to connect to 172.22.218.218:8085:
Err http://in.archive.ubuntu.com/ubuntu/ trusty-updates/main apache2 amd64 2.4.7-1ubuntu4.7
  Unable to connect to 172.22.218.218:8085:
STDERR: E: Failed to fetch http://in.archive.ubuntu.com/ubuntu/pool/main/a/apache2/apache2-bin_2.4.7-1ubuntu4.7_amd64.deb  Could not connect to 172.22.218.218:8085 (172.22.218.218), connection timed out

E: Failed to fetch http://in.archive.ubuntu.com/ubuntu/pool/main/a/apache2/apache2-data_2.4.7-1ubuntu4.7_all.deb  Unable to connect to 172.22.218.218:8085:

E: Failed to fetch http://in.archive.ubuntu.com/ubuntu/pool/main/a/apache2/apache2_2.4.7-1ubuntu4.7_amd64.deb  Unable to connect to 172.22.218.218:8085:

E: Unable to fetch some archives, maybe run apt-get update or try with --fix-missing?
---- End output of apt-get -q -y install apache2=2.4.7-1ubuntu4.7 ----
Ran apt-get -q -y install apache2=2.4.7-1ubuntu4.7 returned 100
/opt/chefdk/embedded/lib/ruby/gems/2.1.0/gems/mixlib-shellout-2.2.1/lib/mixlib/shellout.rb:289:in `invalid!'
/opt/chefdk/embedded/lib/ruby/gems/2.1.0/gems/mixlib-shellout-2.2.1/lib/mixlib/shellout.rb:276:in `error!'
/opt/chefdk/embedded/lib/ruby/gems/2.1.0/gems/chef-12.5.1/lib/chef/mixin/shell_out.rb:56:in `shell_out!'
/opt/chefdk/embedded/lib/ruby/gems/2.1.0/gems/chef-12.5.1/lib/chef/provider/package.rb:501:in `shell_out_with_timeout!'
/opt/chefdk/embedded/lib/ruby/gems/2.1.0/gems/chef-12.5.1/lib/chef/provider/package/apt.rb:179:in `run_noninteractive'
/opt/chefdk/embedded/lib/ruby/gems/2.1.0/gems/chef-12.5.1/lib/chef/provider/package/apt.rb:145:in `install_package'
/opt/chefdk/embedded/lib/ruby/gems/2.1.0/gems/chef-12.5.1/lib/chef/provider/package.rb:93:in `block in action_install'
/opt/chefdk/embedded/lib/ruby/gems/2.1.0/gems/chef-12.5.1/lib/chef/mixin/why_run.rb:52:in `call'
/opt/chefdk/embedded/lib/ruby/gems/2.1.0/gems/chef-12.5.1/lib/chef/mixin/why_run.rb:52:in `add_action'
/opt/chefdk/embedded/lib/ruby/gems/2.1.0/gems/chef-12.5.1/lib/chef/provider.rb:175:in `converge_by'
/opt/chefdk/embedded/lib/ruby/gems/2.1.0/gems/chef-12.5.1/lib/chef/provider/package.rb:92:in `action_install'
/opt/chefdk/embedded/lib/ruby/gems/2.1.0/gems/chef-12.5.1/lib/chef/provider.rb:144:in `run_action'
/opt/chefdk/embedded/lib/ruby/gems/2.1.0/gems/chef-12.5.1/lib/chef/resource.rb:585:in `run_action'
/opt/chefdk/embedded/lib/ruby/gems/2.1.0/gems/chef-12.5.1/lib/chef/runner.rb:49:in `run_action'
/opt/chefdk/embedded/lib/ruby/gems/2.1.0/gems/chef-12.5.1/lib/chef/runner.rb:81:in `block (2 levels) in converge'
/opt/chefdk/embedded/lib/ruby/gems/2.1.0/gems/chef-12.5.1/lib/chef/runner.rb:81:in `each'
/opt/chefdk/embedded/lib/ruby/gems/2.1.0/gems/chef-12.5.1/lib/chef/runner.rb:81:in `block in converge'
/opt/chefdk/embedded/lib/ruby/gems/2.1.0/gems/chef-12.5.1/lib/chef/resource_collection/resource_list.rb:83:in `block in execute_each_resource'
/opt/chefdk/embedded/lib/ruby/gems/2.1.0/gems/chef-12.5.1/lib/chef/resource_collection/stepable_iterator.rb:116:in `call'
/opt/chefdk/embedded/lib/ruby/gems/2.1.0/gems/chef-12.5.1/lib/chef/resource_collection/stepable_iterator.rb:116:in `call_iterator_block'
/opt/chefdk/embedded/lib/ruby/gems/2.1.0/gems/chef-12.5.1/lib/chef/resource_collection/stepable_iterator.rb:85:in `step'
/opt/chefdk/embedded/lib/ruby/gems/2.1.0/gems/chef-12.5.1/lib/chef/resource_collection/stepable_iterator.rb:104:in `iterate'
/opt/chefdk/embedded/lib/ruby/gems/2.1.0/gems/chef-12.5.1/lib/chef/resource_collection/stepable_iterator.rb:55:in `each_with_index'
/opt/chefdk/embedded/lib/ruby/gems/2.1.0/gems/chef-12.5.1/lib/chef/resource_collection/resource_list.rb:81:in `execute_each_resource'
/opt/chefdk/embedded/lib/ruby/gems/2.1.0/gems/chef-12.5.1/lib/chef/runner.rb:80:in `converge'
/opt/chefdk/embedded/lib/ruby/gems/2.1.0/gems/chef-12.5.1/lib/chef/client.rb:653:in `block in converge'
/opt/chefdk/embedded/lib/ruby/gems/2.1.0/gems/chef-12.5.1/lib/chef/client.rb:648:in `catch'
/opt/chefdk/embedded/lib/ruby/gems/2.1.0/gems/chef-12.5.1/lib/chef/client.rb:648:in `converge'
/opt/chefdk/embedded/lib/ruby/gems/2.1.0/gems/chef-12.5.1/lib/chef/client.rb:687:in `converge_and_save'
/opt/chefdk/embedded/lib/ruby/gems/2.1.0/gems/chef-12.5.1/lib/chef/client.rb:269:in `run'
/opt/chefdk/embedded/lib/ruby/gems/2.1.0/gems/chef-12.5.1/lib/chef/application.rb:270:in `block in fork_chef_client'
/opt/chefdk/embedded/lib/ruby/gems/2.1.0/gems/chef-12.5.1/lib/chef/application.rb:258:in `fork'
/opt/chefdk/embedded/lib/ruby/gems/2.1.0/gems/chef-12.5.1/lib/chef/application.rb:258:in `fork_chef_client'
/opt/chefdk/embedded/lib/ruby/gems/2.1.0/gems/chef-12.5.1/lib/chef/application.rb:224:in `block in run_chef_client'
/opt/chefdk/embedded/lib/ruby/gems/2.1.0/gems/chef-12.5.1/lib/chef/local_mode.rb:44:in `with_server_connectivity'
/opt/chefdk/embedded/lib/ruby/gems/2.1.0/gems/chef-12.5.1/lib/chef/application.rb:212:in `run_chef_client'
/opt/chefdk/embedded/lib/ruby/gems/2.1.0/gems/chef-12.5.1/lib/chef/application/solo.rb:280:in `block in interval_run_chef_client'
/opt/chefdk/embedded/lib/ruby/gems/2.1.0/gems/chef-12.5.1/lib/chef/application/solo.rb:269:in `loop'
/opt/chefdk/embedded/lib/ruby/gems/2.1.0/gems/chef-12.5.1/lib/chef/application/solo.rb:269:in `interval_run_chef_client'
/opt/chefdk/embedded/lib/ruby/gems/2.1.0/gems/chef-12.5.1/lib/chef/application/solo.rb:247:in `run_application'
/opt/chefdk/embedded/lib/ruby/gems/2.1.0/gems/chef-12.5.1/lib/chef/application.rb:60:in `run'
/opt/chefdk/embedded/lib/ruby/gems/2.1.0/gems/chef-12.5.1/bin/chef-solo:25:in `<top (required)>'
/usr/bin/chef-solo:54:in `load'
/usr/bin/chef-solo:54:in `<main>'